gpasm-1.2.0 #980 (Oct 25 2013)      flash.asm   5-1-2014  22:27:10          PAGE  1


LOC  OBJECT CODE     LINE SOURCE TEXT
  VALUE

                      00001 ;--------------------------------------------------------
                      00002 ; File Created by SDCC : free open source ANSI-C Compiler
                      00003 ; Version 3.3.0 #8604 (Oct 27 2013) (Mac OS X x86_64)
                      00004 ; This file was generated Thu May  1 22:27:10 2014
                      00005 ;--------------------------------------------------------
                      00006 ; PIC16 port for the Microchip 16-bit core micros
                      00007 ;--------------------------------------------------------
                      00008 
                      00009         .ident "SDCC version 3.3.0 #8604 [pic16 port]"
                      00010         .file   "flash.c"
                      00011         list    p=18f2550
                      00012         radix   dec
                      00013 
                      00014 
                      00015 ;--------------------------------------------------------
                      00016 ; public variables in this module
                      00017 ;--------------------------------------------------------
  0000                00018         global  _ep2_source_data
  0000                00019         global  _ep2_num_bytes_to_send
  0000                00020         global  _write_block
  0000                00021         global  _erase_block
                      00022 
                      00023 ;--------------------------------------------------------
                      00024 ; extern variables in this module
                      00025 ;--------------------------------------------------------
  0000                00026         extern  _UFRMLbits
  0000                00027         extern  _UFRMHbits
  0000                00028         extern  _UIRbits
  0000                00029         extern  _UIEbits
  0000                00030         extern  _UEIRbits
  0000                00031         extern  _UEIEbits
  0000                00032         extern  _USTATbits
  0000                00033         extern  _UCONbits
  0000                00034         extern  _UADDRbits
  0000                00035         extern  _UCFGbits
  0000                00036         extern  _UEP0bits
  0000                00037         extern  _UEP1bits
  0000                00038         extern  _UEP2bits
  0000                00039         extern  _UEP3bits
  0000                00040         extern  _UEP4bits
  0000                00041         extern  _UEP5bits
  0000                00042         extern  _UEP6bits
  0000                00043         extern  _UEP7bits
  0000                00044         extern  _UEP8bits
  0000                00045         extern  _UEP9bits
  0000                00046         extern  _UEP10bits
  0000                00047         extern  _UEP11bits
  0000                00048         extern  _UEP12bits
  0000                00049         extern  _UEP13bits
  0000                00050         extern  _UEP14bits
  0000                00051         extern  _UEP15bits
  0000                00052         extern  _PORTAbits
  0000                00053         extern  _PORTBbits
gpasm-1.2.0 #980 (Oct 25 2013)      flash.asm   5-1-2014  22:27:10          PAGE  2


LOC  OBJECT CODE     LINE SOURCE TEXT
  VALUE

  0000                00054         extern  _PORTCbits
  0000                00055         extern  _PORTEbits
  0000                00056         extern  _LATAbits
  0000                00057         extern  _LATBbits
  0000                00058         extern  _LATCbits
  0000                00059         extern  _DDRAbits
  0000                00060         extern  _TRISAbits
  0000                00061         extern  _DDRBbits
  0000                00062         extern  _TRISBbits
  0000                00063         extern  _DDRCbits
  0000                00064         extern  _TRISCbits
  0000                00065         extern  _OSCTUNEbits
  0000                00066         extern  _PIE1bits
  0000                00067         extern  _PIR1bits
  0000                00068         extern  _IPR1bits
  0000                00069         extern  _PIE2bits
  0000                00070         extern  _PIR2bits
  0000                00071         extern  _IPR2bits
  0000                00072         extern  _EECON1bits
  0000                00073         extern  _RCSTAbits
  0000                00074         extern  _TXSTAbits
  0000                00075         extern  _T3CONbits
  0000                00076         extern  _CMCONbits
  0000                00077         extern  _CVRCONbits
  0000                00078         extern  _CCP1ASbits
  0000                00079         extern  _ECCP1ASbits
  0000                00080         extern  _CCP1DELbits
  0000                00081         extern  _ECCP1DELbits
  0000                00082         extern  _BAUDCONbits
  0000                00083         extern  _BAUDCTLbits
  0000                00084         extern  _CCP2CONbits
  0000                00085         extern  _CCP1CONbits
  0000                00086         extern  _ADCON2bits
  0000                00087         extern  _ADCON1bits
  0000                00088         extern  _ADCON0bits
  0000                00089         extern  _SSPCON2bits
  0000                00090         extern  _SSPCON1bits
  0000                00091         extern  _SSPSTATbits
  0000                00092         extern  _T2CONbits
  0000                00093         extern  _T1CONbits
  0000                00094         extern  _RCONbits
  0000                00095         extern  _WDTCONbits
  0000                00096         extern  _HLVDCONbits
  0000                00097         extern  _LVDCONbits
  0000                00098         extern  _OSCCONbits
  0000                00099         extern  _T0CONbits
  0000                00100         extern  _STATUSbits
  0000                00101         extern  _INTCON3bits
  0000                00102         extern  _INTCON2bits
  0000                00103         extern  _INTCONbits
  0000                00104         extern  _STKPTRbits
  0000                00105         extern  _UFRM
  0000                00106         extern  _UFRML
gpasm-1.2.0 #980 (Oct 25 2013)      flash.asm   5-1-2014  22:27:10          PAGE  3


LOC  OBJECT CODE     LINE SOURCE TEXT
  VALUE

  0000                00107         extern  _UFRMH
  0000                00108         extern  _UIR
  0000                00109         extern  _UIE
  0000                00110         extern  _UEIR
  0000                00111         extern  _UEIE
  0000                00112         extern  _USTAT
  0000                00113         extern  _UCON
  0000                00114         extern  _UADDR
  0000                00115         extern  _UCFG
  0000                00116         extern  _UEP0
  0000                00117         extern  _UEP1
  0000                00118         extern  _UEP2
  0000                00119         extern  _UEP3
  0000                00120         extern  _UEP4
  0000                00121         extern  _UEP5
  0000                00122         extern  _UEP6
  0000                00123         extern  _UEP7
  0000                00124         extern  _UEP8
  0000                00125         extern  _UEP9
  0000                00126         extern  _UEP10
  0000                00127         extern  _UEP11
  0000                00128         extern  _UEP12
  0000                00129         extern  _UEP13
  0000                00130         extern  _UEP14
  0000                00131         extern  _UEP15
  0000                00132         extern  _PORTA
  0000                00133         extern  _PORTB
  0000                00134         extern  _PORTC
  0000                00135         extern  _PORTE
  0000                00136         extern  _LATA
  0000                00137         extern  _LATB
  0000                00138         extern  _LATC
  0000                00139         extern  _DDRA
  0000                00140         extern  _TRISA
  0000                00141         extern  _DDRB
  0000                00142         extern  _TRISB
  0000                00143         extern  _DDRC
  0000                00144         extern  _TRISC
  0000                00145         extern  _OSCTUNE
  0000                00146         extern  _PIE1
  0000                00147         extern  _PIR1
  0000                00148         extern  _IPR1
  0000                00149         extern  _PIE2
  0000                00150         extern  _PIR2
  0000                00151         extern  _IPR2
  0000                00152         extern  _EECON1
  0000                00153         extern  _EECON2
  0000                00154         extern  _EEDATA
  0000                00155         extern  _EEADR
  0000                00156         extern  _RCSTA
  0000                00157         extern  _TXSTA
  0000                00158         extern  _TXREG
  0000                00159         extern  _RCREG
gpasm-1.2.0 #980 (Oct 25 2013)      flash.asm   5-1-2014  22:27:10          PAGE  4


LOC  OBJECT CODE     LINE SOURCE TEXT
  VALUE

  0000                00160         extern  _SPBRG
  0000                00161         extern  _SPBRGH
  0000                00162         extern  _T3CON
  0000                00163         extern  _TMR3
  0000                00164         extern  _TMR3L
  0000                00165         extern  _TMR3H
  0000                00166         extern  _CMCON
  0000                00167         extern  _CVRCON
  0000                00168         extern  _CCP1AS
  0000                00169         extern  _ECCP1AS
  0000                00170         extern  _CCP1DEL
  0000                00171         extern  _ECCP1DEL
  0000                00172         extern  _BAUDCON
  0000                00173         extern  _BAUDCTL
  0000                00174         extern  _CCP2CON
  0000                00175         extern  _CCPR2
  0000                00176         extern  _CCPR2L
  0000                00177         extern  _CCPR2H
  0000                00178         extern  _CCP1CON
  0000                00179         extern  _CCPR1
  0000                00180         extern  _CCPR1L
  0000                00181         extern  _CCPR1H
  0000                00182         extern  _ADCON2
  0000                00183         extern  _ADCON1
  0000                00184         extern  _ADCON0
  0000                00185         extern  _ADRES
  0000                00186         extern  _ADRESL
  0000                00187         extern  _ADRESH
  0000                00188         extern  _SSPCON2
  0000                00189         extern  _SSPCON1
  0000                00190         extern  _SSPSTAT
  0000                00191         extern  _SSPADD
  0000                00192         extern  _SSPBUF
  0000                00193         extern  _T2CON
  0000                00194         extern  _PR2
  0000                00195         extern  _TMR2
  0000                00196         extern  _T1CON
  0000                00197         extern  _TMR1
  0000                00198         extern  _TMR1L
  0000                00199         extern  _TMR1H
  0000                00200         extern  _RCON
  0000                00201         extern  _WDTCON
  0000                00202         extern  _HLVDCON
  0000                00203         extern  _LVDCON
  0000                00204         extern  _OSCCON
  0000                00205         extern  _T0CON
  0000                00206         extern  _TMR0
  0000                00207         extern  _TMR0L
  0000                00208         extern  _TMR0H
  0000                00209         extern  _STATUS
  0000                00210         extern  _FSR2L
  0000                00211         extern  _FSR2H
  0000                00212         extern  _PLUSW2
gpasm-1.2.0 #980 (Oct 25 2013)      flash.asm   5-1-2014  22:27:10          PAGE  5


LOC  OBJECT CODE     LINE SOURCE TEXT
  VALUE

  0000                00213         extern  _PREINC2
  0000                00214         extern  _POSTDEC2
  0000                00215         extern  _POSTINC2
  0000                00216         extern  _INDF2
  0000                00217         extern  _BSR
  0000                00218         extern  _FSR1L
  0000                00219         extern  _FSR1H
  0000                00220         extern  _PLUSW1
  0000                00221         extern  _PREINC1
  0000                00222         extern  _POSTDEC1
  0000                00223         extern  _POSTINC1
  0000                00224         extern  _INDF1
  0000                00225         extern  _WREG
  0000                00226         extern  _FSR0L
  0000                00227         extern  _FSR0H
  0000                00228         extern  _PLUSW0
  0000                00229         extern  _PREINC0
  0000                00230         extern  _POSTDEC0
  0000                00231         extern  _POSTINC0
  0000                00232         extern  _INDF0
  0000                00233         extern  _INTCON3
  0000                00234         extern  _INTCON2
  0000                00235         extern  _INTCON
  0000                00236         extern  _PROD
  0000                00237         extern  _PRODL
  0000                00238         extern  _PRODH
  0000                00239         extern  _TABLAT
  0000                00240         extern  _TBLPTR
  0000                00241         extern  _TBLPTRL
  0000                00242         extern  _TBLPTRH
  0000                00243         extern  _TBLPTRU
  0000                00244         extern  _PC
  0000                00245         extern  _PCL
  0000                00246         extern  _PCLATH
  0000                00247         extern  _PCLATU
  0000                00248         extern  _STKPTR
  0000                00249         extern  _TOS
  0000                00250         extern  _TOSL
  0000                00251         extern  _TOSH
  0000                00252         extern  _TOSU
                      00253 
                      00254 ;--------------------------------------------------------
                      00255 ;       Equates to used internal registers
                      00256 ;--------------------------------------------------------
  00000FD8            00257 STATUS  equ     0xfd8
  00000FE9            00258 FSR0L   equ     0xfe9
  00000FEA            00259 FSR0H   equ     0xfea
  00000FE1            00260 FSR1L   equ     0xfe1
  00000FD9            00261 FSR2L   equ     0xfd9
  00000FEF            00262 INDF0   equ     0xfef
  00000FE5            00263 POSTDEC1        equ     0xfe5
  00000FE4            00264 PREINC1 equ     0xfe4
  00000FDB            00265 PLUSW2  equ     0xfdb
gpasm-1.2.0 #980 (Oct 25 2013)      flash.asm   5-1-2014  22:27:10          PAGE  6


LOC  OBJECT CODE     LINE SOURCE TEXT
  VALUE

                      00266 
                      00267 
                      00268 ; Internal registers
                      00269 .registers      udata_ovr       0x0000
000000                00270 r0x00   res     1
000001                00271 r0x01   res     1
                      00272 
                      00273 udata_flash_0   udata
000000                00274 _ep2_num_bytes_to_send  res     2
                      00275 
                      00276 udata_flash_1   udata
000000                00277 _ep2_source_data        res     3
                      00278 
                      00279 udata_flash_2   udata
000000                00280 _write_block_i_1_4      res     1
                      00281 
                      00282 ;--------------------------------------------------------
                      00283 ; global & static initialisations
                      00284 ;--------------------------------------------------------
                      00285 ; I code from now on!
                      00286 ; ; Starting pCode block
                      00287 S_flash__erase_block    code
000000                00288 _erase_block:
                      00289         .line   78; flash.c     void erase_block()
000000 CFD9 FFE5      00290         MOVFF   FSR2L, POSTDEC1
000004 CFE1 FFD9      00291         MOVFF   FSR1L, FSR2L
000008 8E??           00292         bsf _EECON1, 7
00000A 9C??           00293         bcf _EECON1, 6
00000C 84??           00294         bsf _EECON1, 2
00000E 88??           00295         bsf _EECON1, 4
000010 9E??           00296         bcf _INTCON, 7
000012 0E55           00297         movlw 0x55
000014 6E??           00298         movwf _EECON2
000016 0EAA           00299         movlw 0xaa
000018 6E??           00300         movwf _EECON2
00001A 82??           00301         bsf _EECON1, 1
                      00302         
00001C CFE4 FFD9      00303         MOVFF   PREINC1, FSR2L
000020 0012           00304         RETURN  
                      00305 
                      00306 ; ; Starting pCode block
                      00307 S_flash__write_block    code
000000                00308 _write_block:
                      00309         .line   32; flash.c     void write_block(__data uchar *src)
000000 CFD9 FFE5      00310         MOVFF   FSR2L, POSTDEC1
000004 CFE1 FFD9      00311         MOVFF   FSR1L, FSR2L
000008 C??? F???      00312         MOVFF   r0x00, POSTDEC1
00000C C??? F???      00313         MOVFF   r0x01, POSTDEC1
000010 0E02           00314         MOVLW   0x02
000012 CFDB F000      00315         MOVFF   PLUSW2, r0x00
000016 0E03           00316         MOVLW   0x03
000018 CFDB F000      00317         MOVFF   PLUSW2, r0x01
00001C 000A           00318         tblrd*-
gpasm-1.2.0 #980 (Oct 25 2013)      flash.asm   5-1-2014  22:27:10          PAGE  7


LOC  OBJECT CODE     LINE SOURCE TEXT
  VALUE

                      00319         
00001E ????           00320         BANKSEL _write_block_i_1_4
                      00321         .line   43; flash.c     for(i = 0; i < 32; i++)
000020 6B??           00322         CLRF    _write_block_i_1_4, B
000022                00323 _00106_DS_:
                      00324         .line   45; flash.c     TABLAT = *src;
000022 C??? F???      00325         MOVFF   r0x00, FSR0L
000026 C??? F???      00326         MOVFF   r0x01, FSR0H
00002A CFEF F000      00327         MOVFF   INDF0, _TABLAT
                      00328         .line   47; flash.c     src++;
00002E 4A??           00329         INFSNZ  r0x00, F
000030 2A??           00330         INCF    r0x01, F
000032 000F           00331         tblwt+*
                      00332         
000034 ????           00333         BANKSEL _write_block_i_1_4
                      00334         .line   43; flash.c     for(i = 0; i < 32; i++)
000036 2B??           00335         INCF    _write_block_i_1_4, F, B
000038 0E20           00336         MOVLW   0x20
00003A ????           00337         BANKSEL _write_block_i_1_4
00003C 5D??           00338         SUBWF   _write_block_i_1_4, W, B
00003E E3??           00339         BNC     _00106_DS_
000040 8E??           00340         bsf _EECON1, 7
000042 9C??           00341         bcf _EECON1, 6
000044 84??           00342         bsf _EECON1, 2
000046 9E??           00343         bcf _INTCON, 7
000048 0E55           00344         movlw 0x55
00004A 6E??           00345         movwf _EECON2
00004C 0EAA           00346         movlw 0xaa
00004E 6E??           00347         movwf _EECON2
000050 82??           00348         bsf _EECON1, 1
                      00349         
000052 CFE4 F000      00350         MOVFF   PREINC1, r0x01
000056 CFE4 F000      00351         MOVFF   PREINC1, r0x00
00005A CFE4 FFD9      00352         MOVFF   PREINC1, FSR2L
00005E 0012           00353         RETURN  
                      00354 
                      00355 
                      00356 
                      00357 ; Statistics:
                      00358 ; code size:      138 (0x008a) bytes ( 0.11%)
                      00359 ;                  69 (0x0045) words
                      00360 ; udata size:       6 (0x0006) bytes ( 0.33%)
                      00361 ; access size:      2 (0x0002) bytes
                      00362 
                      00363 
                      00364         end
gpasm-1.2.0 #980 (Oct 25 2013)      flash.asm   5-1-2014  22:27:10          PAGE  8


SYMBOL TABLE
  LABEL                             VALUE

FSR0H                             00000FEA
FSR0L                             00000FE9
FSR1L                             00000FE1
FSR2L                             00000FD9
INDF0                             00000FEF
PLUSW2                            00000FDB
POSTDEC1                          00000FE5
PREINC1                           00000FE4
STATUS                            00000FD8
_00106_DS_                        00000022
_ADCON0                           00000000
_ADCON0bits                       00000000
_ADCON1                           00000000
_ADCON1bits                       00000000
_ADCON2                           00000000
_ADCON2bits                       00000000
_ADRES                            00000000
_ADRESH                           00000000
_ADRESL                           00000000
_BAUDCON                          00000000
_BAUDCONbits                      00000000
_BAUDCTL                          00000000
_BAUDCTLbits                      00000000
_BSR                              00000000
_CCP1AS                           00000000
_CCP1ASbits                       00000000
_CCP1CON                          00000000
_CCP1CONbits                      00000000
_CCP1DEL                          00000000
_CCP1DELbits                      00000000
_CCP2CON                          00000000
_CCP2CONbits                      00000000
_CCPR1                            00000000
_CCPR1H                           00000000
_CCPR1L                           00000000
_CCPR2                            00000000
_CCPR2H                           00000000
_CCPR2L                           00000000
_CMCON                            00000000
_CMCONbits                        00000000
_CVRCON                           00000000
_CVRCONbits                       00000000
_DDRA                             00000000
_DDRAbits                         00000000
_DDRB                             00000000
_DDRBbits                         00000000
_DDRC                             00000000
_DDRCbits                         00000000
_ECCP1AS                          00000000
_ECCP1ASbits                      00000000
_ECCP1DEL                         00000000
_ECCP1DELbits                     00000000
_EEADR                            00000000
gpasm-1.2.0 #980 (Oct 25 2013)      flash.asm   5-1-2014  22:27:10          PAGE  9


SYMBOL TABLE
  LABEL                             VALUE 

_EECON1                           00000000
_EECON1bits                       00000000
_EECON2                           00000000
_EEDATA                           00000000
_FSR0H                            00000000
_FSR0L                            00000000
_FSR1H                            00000000
_FSR1L                            00000000
_FSR2H                            00000000
_FSR2L                            00000000
_HLVDCON                          00000000
_HLVDCONbits                      00000000
_INDF0                            00000000
_INDF1                            00000000
_INDF2                            00000000
_INTCON                           00000000
_INTCON2                          00000000
_INTCON2bits                      00000000
_INTCON3                          00000000
_INTCON3bits                      00000000
_INTCONbits                       00000000
_IPR1                             00000000
_IPR1bits                         00000000
_IPR2                             00000000
_IPR2bits                         00000000
_LATA                             00000000
_LATAbits                         00000000
_LATB                             00000000
_LATBbits                         00000000
_LATC                             00000000
_LATCbits                         00000000
_LVDCON                           00000000
_LVDCONbits                       00000000
_OSCCON                           00000000
_OSCCONbits                       00000000
_OSCTUNE                          00000000
_OSCTUNEbits                      00000000
_PC                               00000000
_PCL                              00000000
_PCLATH                           00000000
_PCLATU                           00000000
_PIE1                             00000000
_PIE1bits                         00000000
_PIE2                             00000000
_PIE2bits                         00000000
_PIR1                             00000000
_PIR1bits                         00000000
_PIR2                             00000000
_PIR2bits                         00000000
_PLUSW0                           00000000
_PLUSW1                           00000000
_PLUSW2                           00000000
_PORTA                            00000000
gpasm-1.2.0 #980 (Oct 25 2013)      flash.asm   5-1-2014  22:27:10          PAGE 10


SYMBOL TABLE
  LABEL                             VALUE 

_PORTAbits                        00000000
_PORTB                            00000000
_PORTBbits                        00000000
_PORTC                            00000000
_PORTCbits                        00000000
_PORTE                            00000000
_PORTEbits                        00000000
_POSTDEC0                         00000000
_POSTDEC1                         00000000
_POSTDEC2                         00000000
_POSTINC0                         00000000
_POSTINC1                         00000000
_POSTINC2                         00000000
_PR2                              00000000
_PREINC0                          00000000
_PREINC1                          00000000
_PREINC2                          00000000
_PROD                             00000000
_PRODH                            00000000
_PRODL                            00000000
_RCON                             00000000
_RCONbits                         00000000
_RCREG                            00000000
_RCSTA                            00000000
_RCSTAbits                        00000000
_SPBRG                            00000000
_SPBRGH                           00000000
_SSPADD                           00000000
_SSPBUF                           00000000
_SSPCON1                          00000000
_SSPCON1bits                      00000000
_SSPCON2                          00000000
_SSPCON2bits                      00000000
_SSPSTAT                          00000000
_SSPSTATbits                      00000000
_STATUS                           00000000
_STATUSbits                       00000000
_STKPTR                           00000000
_STKPTRbits                       00000000
_T0CON                            00000000
_T0CONbits                        00000000
_T1CON                            00000000
_T1CONbits                        00000000
_T2CON                            00000000
_T2CONbits                        00000000
_T3CON                            00000000
_T3CONbits                        00000000
_TABLAT                           00000000
_TBLPTR                           00000000
_TBLPTRH                          00000000
_TBLPTRL                          00000000
_TBLPTRU                          00000000
_TMR0                             00000000
gpasm-1.2.0 #980 (Oct 25 2013)      flash.asm   5-1-2014  22:27:10          PAGE 11


SYMBOL TABLE
  LABEL                             VALUE 

_TMR0H                            00000000
_TMR0L                            00000000
_TMR1                             00000000
_TMR1H                            00000000
_TMR1L                            00000000
_TMR2                             00000000
_TMR3                             00000000
_TMR3H                            00000000
_TMR3L                            00000000
_TOS                              00000000
_TOSH                             00000000
_TOSL                             00000000
_TOSU                             00000000
_TRISA                            00000000
_TRISAbits                        00000000
_TRISB                            00000000
_TRISBbits                        00000000
_TRISC                            00000000
_TRISCbits                        00000000
_TXREG                            00000000
_TXSTA                            00000000
_TXSTAbits                        00000000
_UADDR                            00000000
_UADDRbits                        00000000
_UCFG                             00000000
_UCFGbits                         00000000
_UCON                             00000000
_UCONbits                         00000000
_UEIE                             00000000
_UEIEbits                         00000000
_UEIR                             00000000
_UEIRbits                         00000000
_UEP0                             00000000
_UEP0bits                         00000000
_UEP1                             00000000
_UEP10                            00000000
_UEP10bits                        00000000
_UEP11                            00000000
_UEP11bits                        00000000
_UEP12                            00000000
_UEP12bits                        00000000
_UEP13                            00000000
_UEP13bits                        00000000
_UEP14                            00000000
_UEP14bits                        00000000
_UEP15                            00000000
_UEP15bits                        00000000
_UEP1bits                         00000000
_UEP2                             00000000
_UEP2bits                         00000000
_UEP3                             00000000
_UEP3bits                         00000000
_UEP4                             00000000
gpasm-1.2.0 #980 (Oct 25 2013)      flash.asm   5-1-2014  22:27:10          PAGE 12


SYMBOL TABLE
  LABEL                             VALUE 

_UEP4bits                         00000000
_UEP5                             00000000
_UEP5bits                         00000000
_UEP6                             00000000
_UEP6bits                         00000000
_UEP7                             00000000
_UEP7bits                         00000000
_UEP8                             00000000
_UEP8bits                         00000000
_UEP9                             00000000
_UEP9bits                         00000000
_UFRM                             00000000
_UFRMH                            00000000
_UFRMHbits                        00000000
_UFRML                            00000000
_UFRMLbits                        00000000
_UIE                              00000000
_UIEbits                          00000000
_UIR                              00000000
_UIRbits                          00000000
_USTAT                            00000000
_USTATbits                        00000000
_WDTCON                           00000000
_WDTCONbits                       00000000
_WREG                             00000000
__18F2550                         00000001
_ep2_num_bytes_to_send            00000000
_ep2_source_data                  00000000
_erase_block                      00000000
_write_block                      00000000
_write_block_i_1_4                00000000
r0x00                             00000000
r0x01                             00000001

Errors   :     0
Warnings :     0 reported,     0 suppressed
Messages :     0 reported,     0 suppressed

